<?xml version="1.0" encoding="UTF-8"?>
<!-- Generated by org.testng.reporters.JUnitXMLReporter -->
<testsuite hostname="DESKTOP-A3RR3TC" ignored="0" name="Test1(failed)" tests="1" failures="1" timestamp="2021-06-24T08:46:18 IST" time="0.043" errors="0">
  <testcase name="a" time="0.007" classname="testNG.A">
    <failure type="java.lang.ArithmeticException" message="/ by zero">
      <![CDATA[java.lang.ArithmeticException: / by zero
at testNG.A.a(A.java:11)
at java.util.ArrayList.forEach(Unknown Source)
... Removed 27 stack frames]]>
    </failure>
  </testcase> <!-- a -->
</testsuite> <!-- Test1(failed) -->
