<?xml version="1.0" encoding="UTF-8"?>
<!-- Generated by org.testng.reporters.JUnitXMLReporter -->
<testsuite hostname="DESKTOP-A3RR3TC" ignored="12" name="group" tests="6" failures="0" timestamp="2021-06-25T09:55:17 IST" time="0.094" errors="0">
  <testcase name="it1" time="0.016" classname="FlagsInTestNG.Flag7"/>
  <testcase name="it2" time="0.0" classname="FlagsInTestNG.Flag7"/>
  <testcase name="it3" time="0.0" classname="FlagsInTestNG.Flag7"/>
  <testcase name="it4" time="0.0" classname="FlagsInTestNG.Flag7"/>
  <testcase name="it5" time="0.0" classname="FlagsInTestNG.Flag7"/>
  <testcase name="it6" time="0.0" classname="FlagsInTestNG.Flag7"/>
  <testcase name="st1" time="0.0" classname="FlagsInTestNG.Flag7">
    <ignored/>
  </testcase> <!-- st1 -->
  <testcase name="ft5" time="0.0" classname="FlagsInTestNG.Flag7">
    <ignored/>
  </testcase> <!-- ft5 -->
  <testcase name="ft4" time="0.0" classname="FlagsInTestNG.Flag7">
    <ignored/>
  </testcase> <!-- ft4 -->
  <testcase name="ft3" time="0.0" classname="FlagsInTestNG.Flag7">
    <ignored/>
  </testcase> <!-- ft3 -->
  <testcase name="st6" time="0.0" classname="FlagsInTestNG.Flag7">
    <ignored/>
  </testcase> <!-- st6 -->
  <testcase name="ft1" time="0.0" classname="FlagsInTestNG.Flag7">
    <ignored/>
  </testcase> <!-- ft1 -->
  <testcase name="st4" time="0.0" classname="FlagsInTestNG.Flag7">
    <ignored/>
  </testcase> <!-- st4 -->
  <testcase name="st3" time="0.0" classname="FlagsInTestNG.Flag7">
    <ignored/>
  </testcase> <!-- st3 -->
  <testcase name="st2" time="0.0" classname="FlagsInTestNG.Flag7">
    <ignored/>
  </testcase> <!-- st2 -->
  <testcase name="ft6" time="0.0" classname="FlagsInTestNG.Flag7">
    <ignored/>
  </testcase> <!-- ft6 -->
  <testcase name="ft2" time="0.0" classname="FlagsInTestNG.Flag7">
    <ignored/>
  </testcase> <!-- ft2 -->
  <testcase name="st5" time="0.0" classname="FlagsInTestNG.Flag7">
    <ignored/>
  </testcase> <!-- st5 -->
</testsuite> <!-- group -->
