<?xml version="1.0" encoding="UTF-8"?>
<!-- Generated by org.testng.reporters.JUnitXMLReporter -->
<testsuite hostname="DESKTOP-A3RR3TC" ignored="3" name="GroupsDemo" tests="12" failures="0" timestamp="2021-06-25T19:59:27 IST" time="0.056" errors="0">
  <testcase name="FT1" time="0.007" classname="FlagsInTestNG.GroupsDemo"/>
  <testcase name="FT2" time="0.0" classname="FlagsInTestNG.GroupsDemo"/>
  <testcase name="FT3" time="0.001" classname="FlagsInTestNG.GroupsDemo"/>
  <testcase name="IT1" time="0.001" classname="FlagsInTestNG.GroupsDemo"/>
  <testcase name="IT2" time="0.001" classname="FlagsInTestNG.GroupsDemo"/>
  <testcase name="IT3" time="0.0" classname="FlagsInTestNG.GroupsDemo"/>
  <testcase name="SAT1" time="0.001" classname="FlagsInTestNG.GroupsDemo"/>
  <testcase name="SAT2" time="0.001" classname="FlagsInTestNG.GroupsDemo"/>
  <testcase name="SAT3" time="0.0" classname="FlagsInTestNG.GroupsDemo"/>
  <testcase name="ST1" time="0.001" classname="FlagsInTestNG.GroupsDemo"/>
  <testcase name="ST2" time="0.001" classname="FlagsInTestNG.GroupsDemo"/>
  <testcase name="ST3" time="0.0" classname="FlagsInTestNG.GroupsDemo"/>
  <testcase name="RT1" time="0.0" classname="FlagsInTestNG.GroupsDemo">
    <ignored/>
  </testcase> <!-- RT1 -->
  <testcase name="RT3" time="0.0" classname="FlagsInTestNG.GroupsDemo">
    <ignored/>
  </testcase> <!-- RT3 -->
  <testcase name="RT2" time="0.0" classname="FlagsInTestNG.GroupsDemo">
    <ignored/>
  </testcase> <!-- RT2 -->
</testsuite> <!-- GroupsDemo -->
