<?xml version="1.0" encoding="UTF-8"?>
<!-- Generated by org.testng.reporters.JUnitXMLReporter -->
<testsuite hostname="DESKTOP-A3RR3TC" ignored="0" name="Test" tests="8" failures="0" timestamp="2021-06-28T09:16:32 IST" time="12.769" errors="0">
  <testcase name="setUp" time="10.75" classname="MethodsParallely.Class3"/>
  <testcase name="setUp" time="10.798" classname="MethodsParallely.Class4"/>
  <testcase name="setUp" time="10.806" classname="MethodsParallely.Class2"/>
  <testcase name="setUp" time="12.277" classname="MethodsParallely.Class1"/>
  <testcase name="tearDown" time="1.865" classname="MethodsParallely.Class3"/>
  <testcase name="tearDown" time="1.817" classname="MethodsParallely.Class4"/>
  <testcase name="tearDown" time="1.801" classname="MethodsParallely.Class2"/>
  <testcase name="tearDown" time="0.454" classname="MethodsParallely.Class1"/>
</testsuite> <!-- Test -->
