<?xml version="1.0" encoding="UTF-8"?>
<!-- Generated by org.testng.reporters.JUnitXMLReporter -->
<testsuite hostname="DESKTOP-A3RR3TC" ignored="0" name="Test1" tests="3" failures="1" timestamp="2021-06-24T08:31:54 IST" time="0.046" errors="0">
  <testcase name="a" time="0.006" classname="testNG.A">
    <failure type="java.lang.ArithmeticException" message="/ by zero">
      <![CDATA[java.lang.ArithmeticException: / by zero
at testNG.A.a(A.java:11)
at java.util.ArrayList.forEach(Unknown Source)
... Removed 27 stack frames]]>
    </failure>
  </testcase> <!-- a -->
  <testcase name="b" time="0.001" classname="testNG.testNGTrial"/>
  <testcase name="gunn" time="0.0" classname="testNG.gun"/>
</testsuite> <!-- Test1 -->
